0 info it worked if it ends with ok
1 verbose cli [ '/usr/bin/node', '/usr/bin/npm', 'install', '-g', 'jade' ]
2 info using npm@1.4.28
3 info using node@v0.10.33
4 verbose node symlink /usr/bin/node
5 verbose cache add [ 'jade', null ]
6 verbose cache add name=undefined spec="jade" args=["jade",null]
7 verbose parsed url { protocol: null,
7 verbose parsed url   slashes: null,
7 verbose parsed url   auth: null,
7 verbose parsed url   host: null,
7 verbose parsed url   port: null,
7 verbose parsed url   hostname: null,
7 verbose parsed url   hash: null,
7 verbose parsed url   search: null,
7 verbose parsed url   query: null,
7 verbose parsed url   pathname: 'jade',
7 verbose parsed url   path: 'jade',
7 verbose parsed url   href: 'jade' }
8 silly lockFile 5bd60fae-jade jade
9 verbose lock jade /home/altiviaot/.npm/5bd60fae-jade.lock
10 silly lockFile 5bd60fae-jade jade
11 silly lockFile 5bd60fae-jade jade
12 verbose addNamed [ 'jade', '' ]
13 verbose addNamed [ null, '*' ]
14 silly lockFile 51d481b2-jade jade@
15 verbose lock jade@ /home/altiviaot/.npm/51d481b2-jade.lock
16 silly addNameRange { name: 'jade', range: '*', hasData: false }
17 verbose request where is /jade
18 verbose request registry https://registry.npmjs.org/
19 verbose request id b64054083a38659e
20 verbose url raw /jade
21 verbose url resolving [ 'https://registry.npmjs.org/', './jade' ]
22 verbose url resolved https://registry.npmjs.org/jade
23 verbose request where is https://registry.npmjs.org/jade
24 info trying registry request attempt 1 at 22:37:50
25 http GET https://registry.npmjs.org/jade
26 http 200 https://registry.npmjs.org/jade
27 silly registry.get cb [ 200,
27 silly registry.get   { date: 'Thu, 13 Nov 2014 03:37:50 GMT',
27 silly registry.get     server: 'CouchDB/1.5.0 (Erlang OTP/R16B03)',
27 silly registry.get     etag: '"QHLPMBXXME56JWDXG4BJV1EZ"',
27 silly registry.get     'content-type': 'application/json',
27 silly registry.get     'cache-control': 'max-age=60',
27 silly registry.get     'content-length': '127465',
27 silly registry.get     'accept-ranges': 'bytes',
27 silly registry.get     via: '1.1 varnish',
27 silly registry.get     age: '43',
27 silly registry.get     'x-served-by': 'cache-iad2133-IAD',
27 silly registry.get     'x-cache': 'HIT',
27 silly registry.get     'x-cache-hits': '1',
27 silly registry.get     'x-timer': 'S1415849870.854735,VS0,VE1',
27 silly registry.get     vary: 'Accept',
27 silly registry.get     'keep-alive': 'timeout=10, max=50',
27 silly registry.get     connection: 'Keep-Alive' } ]
28 silly addNameRange number 2 { name: 'jade', range: '*', hasData: true }
29 silly addNameRange versions [ 'jade',
29 silly addNameRange   [ '0.0.1',
29 silly addNameRange     '0.0.2',
29 silly addNameRange     '0.1.0',
29 silly addNameRange     '0.2.0',
29 silly addNameRange     '0.2.1',
29 silly addNameRange     '0.2.2',
29 silly addNameRange     '0.2.3',
29 silly addNameRange     '0.2.4',
29 silly addNameRange     '0.3.0',
29 silly addNameRange     '0.4.0',
29 silly addNameRange     '0.4.1',
29 silly addNameRange     '0.5.0',
29 silly addNameRange     '0.5.1',
29 silly addNameRange     '0.5.2',
29 silly addNameRange     '0.5.3',
29 silly addNameRange     '0.5.4',
29 silly addNameRange     '0.5.5',
29 silly addNameRange     '0.5.6',
29 silly addNameRange     '0.5.7',
29 silly addNameRange     '0.6.0',
29 silly addNameRange     '0.6.1',
29 silly addNameRange     '0.6.3',
29 silly addNameRange     '0.7.0',
29 silly addNameRange     '0.7.1',
29 silly addNameRange     '0.8.0',
29 silly addNameRange     '0.8.1',
29 silly addNameRange     '0.8.2',
29 silly addNameRange     '0.8.3',
29 silly addNameRange     '0.8.4',
29 silly addNameRange     '0.8.5',
29 silly addNameRange     '0.8.6',
29 silly addNameRange     '0.8.7',
29 silly addNameRange     '0.8.8',
29 silly addNameRange     '0.8.9',
29 silly addNameRange     '0.9.0',
29 silly addNameRange     '0.9.1',
29 silly addNameRange     '0.9.2',
29 silly addNameRange     '0.9.3',
29 silly addNameRange     '0.10.0',
29 silly addNameRange     '0.10.1',
29 silly addNameRange     '0.10.2',
29 silly addNameRange     '0.10.3',
29 silly addNameRange     '0.10.4',
29 silly addNameRange     '0.10.5',
29 silly addNameRange     '0.10.6',
29 silly addNameRange     '0.10.7',
29 silly addNameRange     '0.11.0',
29 silly addNameRange     '0.11.1',
29 silly addNameRange     '0.12.0',
29 silly addNameRange     '0.12.1',
29 silly addNameRange     '0.12.2',
29 silly addNameRange     '0.12.3',
29 silly addNameRange     '0.12.4',
29 silly addNameRange     '0.13.0',
29 silly addNameRange     '0.14.0',
29 silly addNameRange     '0.14.1',
29 silly addNameRange     '0.14.2',
29 silly addNameRange     '0.15.0',
29 silly addNameRange     '0.15.1',
29 silly addNameRange     '0.15.2',
29 silly addNameRange     '0.15.3',
29 silly addNameRange     '0.15.4',
29 silly addNameRange     '0.16.0',
29 silly addNameRange     '0.16.1',
29 silly addNameRange     '0.16.2',
29 silly addNameRange     '0.16.3',
29 silly addNameRange     '0.16.4',
29 silly addNameRange     '0.17.0',
29 silly addNameRange     '0.18.0',
29 silly addNameRange     '0.19.0',
29 silly addNameRange     '0.20.0',
29 silly addNameRange     '0.20.1',
29 silly addNameRange     '0.20.2',
29 silly addNameRange     '0.20.3',
29 silly addNameRange     '0.21.0',
29 silly addNameRange     '0.22.0',
29 silly addNameRange     '0.22.1',
29 silly addNameRange     '0.23.0',
29 silly addNameRange     '0.24.0',
29 silly addNameRange     '0.25.0',
29 silly addNameRange     '0.26.0',
29 silly addNameRange     '0.26.1',
29 silly addNameRange     '0.26.2',
29 silly addNameRange     '0.26.3',
29 silly addNameRange     '0.27.0',
29 silly addNameRange     '0.27.1',
29 silly addNameRange     '0.27.2',
29 silly addNameRange     '0.27.3',
29 silly addNameRange     '0.27.4',
29 silly addNameRange     '0.27.5',
29 silly addNameRange     '0.27.6',
29 silly addNameRange     '0.27.7',
29 silly addNameRange     '0.28.0',
29 silly addNameRange     '0.28.1',
29 silly addNameRange     '0.28.2',
29 silly addNameRange     '0.29.0',
29 silly addNameRange     '0.30.0',
29 silly addNameRange     '0.31.0',
29 silly addNameRange     '0.31.1',
29 silly addNameRange     '0.31.2',
29 silly addNameRange     '0.32.0',
29 silly addNameRange     '0.33.0',
29 silly addNameRange     '0.34.0',
29 silly addNameRange     '0.34.1',
29 silly addNameRange     '0.35.0',
29 silly addNameRange     '1.0.0',
29 silly addNameRange     '1.0.1',
29 silly addNameRange     '1.0.2',
29 silly addNameRange     '1.1.0',
29 silly addNameRange     '1.1.1',
29 silly addNameRange     '1.1.2',
29 silly addNameRange     '1.1.3',
29 silly addNameRange     '1.1.4',
29 silly addNameRange     '1.1.5',
29 silly addNameRange     '1.2.0',
29 silly addNameRange     '1.3.0',
29 silly addNameRange     '1.3.1',
29 silly addNameRange     '1.4.0',
29 silly addNameRange     '1.4.1',
29 silly addNameRange     '1.4.2',
29 silly addNameRange     '1.5.0',
29 silly addNameRange     '1.6.0',
29 silly addNameRange     '1.7.0' ] ]
30 verbose addNamed [ 'jade', '1.7.0' ]
31 verbose addNamed [ '1.7.0', '1.7.0' ]
32 silly lockFile 154ac756-jade-1-7-0 jade@1.7.0
33 verbose lock jade@1.7.0 /home/altiviaot/.npm/154ac756-jade-1-7-0.lock
34 silly lockFile 14fd3f89-ry-npmjs-org-jade-jade-1-7-0-tgz https://registry.npmjs.org/jade/-/jade-1.7.0.tgz
35 verbose lock https://registry.npmjs.org/jade/-/jade-1.7.0.tgz /home/altiviaot/.npm/14fd3f89-ry-npmjs-org-jade-jade-1-7-0-tgz.lock
36 verbose addRemoteTarball [ 'https://registry.npmjs.org/jade/-/jade-1.7.0.tgz',
36 verbose addRemoteTarball   'fa0251e9536cd363034ea88f61e99c7e98991524' ]
37 info retry fetch attempt 1 at 22:37:51
38 verbose fetch to= /tmp/npm-8625-jlWcEQm0/registry.npmjs.org/jade/-/jade-1.7.0.tgz
39 http GET https://registry.npmjs.org/jade/-/jade-1.7.0.tgz
40 http 200 https://registry.npmjs.org/jade/-/jade-1.7.0.tgz
41 silly lockFile 14fd3f89-ry-npmjs-org-jade-jade-1-7-0-tgz https://registry.npmjs.org/jade/-/jade-1.7.0.tgz
42 silly lockFile 14fd3f89-ry-npmjs-org-jade-jade-1-7-0-tgz https://registry.npmjs.org/jade/-/jade-1.7.0.tgz
43 silly lockFile 154ac756-jade-1-7-0 jade@1.7.0
44 silly lockFile 154ac756-jade-1-7-0 jade@1.7.0
45 silly lockFile 51d481b2-jade jade@
46 silly lockFile 51d481b2-jade jade@
47 silly resolved [ { name: 'jade',
47 silly resolved     description: 'Jade template engine',
47 silly resolved     version: '1.7.0',
47 silly resolved     author: { name: 'TJ Holowaychuk', email: 'tj@vision-media.ca' },
47 silly resolved     maintainers: [ [Object], [Object], [Object] ],
47 silly resolved     license: 'MIT',
47 silly resolved     repository: { type: 'git', url: 'git://github.com/visionmedia/jade' },
47 silly resolved     main: './index.js',
47 silly resolved     bin: { jade: './bin/jade.js' },
47 silly resolved     dependencies:
47 silly resolved      { 'character-parser': '1.2.0',
47 silly resolved        commander: '2.1.0',
47 silly resolved        constantinople: '~2.0.0',
47 silly resolved        mkdirp: '~0.5.0',
47 silly resolved        monocle: '1.1.51',
47 silly resolved        transformers: '2.1.0',
47 silly resolved        'void-elements': '~1.0.0',
47 silly resolved        with: '~3.0.0' },
47 silly resolved     devDependencies:
47 silly resolved      { 'coffee-script': '*',
47 silly resolved        mocha: '*',
47 silly resolved        istanbul: '*',
47 silly resolved        markdown: '*',
47 silly resolved        stylus: '*',
47 silly resolved        should: '*',
47 silly resolved        less: '*',
47 silly resolved        'uglify-js': '*',
47 silly resolved        browserify: '*',
47 silly resolved        linify: '*',
47 silly resolved        'less-file': '0.0.8',
47 silly resolved        express: '~3.4.8',
47 silly resolved        'browserify-middleware': '~2.4.0',
47 silly resolved        twbs: '0.0.6',
47 silly resolved        'highlight-codemirror': '~3.20.0',
47 silly resolved        inconsolata: '0.0.2',
47 silly resolved        'jade-code-mirror': '~1.0.5',
47 silly resolved        'code-mirror': '~3.22.0',
47 silly resolved        handle: '~1.0.0',
47 silly resolved        'jade-highlighter': '~1.0.5',
47 silly resolved        marked: '~0.3.2',
47 silly resolved        stop: '^3.0.0-rc1',
47 silly resolved        opener: '^1.3.0',
47 silly resolved        'github-basic': '^3.0.0',
47 silly resolved        'pull-request': '^3.0.0',
47 silly resolved        lsr: '^1.0.0',
47 silly resolved        rimraf: '^2.2.8' },
47 silly resolved     component: { scripts: [Object] },
47 silly resolved     scripts:
47 silly resolved      { test: 'mocha -R spec && npm run coverage',
47 silly resolved        coverage: 'istanbul cover node_modules/mocha/bin/_mocha',
47 silly resolved        prepublish: 'npm prune && linify transform bin && npm run build',
47 silly resolved        build: 'npm run compile',
47 silly resolved        compile: 'npm run compile-full && npm run compile-runtime',
47 silly resolved        'compile-full': 'browserify ./lib/jade.js --standalone jade -x ./node_modules/transformers > jade.js',
47 silly resolved        'compile-runtime': 'browserify ./lib/runtime.js --standalone jade > runtime.js' },
47 silly resolved     browser: { './lib/filters.js': './lib/filters-client.js' },
47 silly resolved     gitHead: '471042519f50a9c9edfab3a90d9dca2f1df28cfc',
47 silly resolved     bugs: { url: 'https://github.com/visionmedia/jade/issues' },
47 silly resolved     homepage: 'https://github.com/visionmedia/jade',
47 silly resolved     _id: 'jade@1.7.0',
47 silly resolved     _shasum: 'fa0251e9536cd363034ea88f61e99c7e98991524',
47 silly resolved     _from: 'jade@',
47 silly resolved     _npmVersion: '1.4.21',
47 silly resolved     _npmUser: { name: 'forbeslindesay', email: 'forbes@lindeay.co.uk' },
47 silly resolved     dist:
47 silly resolved      { shasum: 'fa0251e9536cd363034ea88f61e99c7e98991524',
47 silly resolved        tarball: 'http://registry.npmjs.org/jade/-/jade-1.7.0.tgz' },
47 silly resolved     directories: {},
47 silly resolved     _resolved: 'https://registry.npmjs.org/jade/-/jade-1.7.0.tgz' } ]
48 info install jade@1.7.0 into /usr/lib
49 info installOne jade@1.7.0
50 verbose lib/node_modules/jade unbuild
51 verbose tar unpack /home/altiviaot/.npm/jade/1.7.0/package.tgz
52 silly lockFile 4b04e445-tar-usr-lib-node-modules-jade tar:///usr/lib/node_modules/jade
53 verbose lock tar:///usr/lib/node_modules/jade /home/altiviaot/.npm/4b04e445-tar-usr-lib-node-modules-jade.lock
54 silly lockFile 724696d9-viaot-npm-jade-1-7-0-package-tgz tar:///home/altiviaot/.npm/jade/1.7.0/package.tgz
55 verbose lock tar:///home/altiviaot/.npm/jade/1.7.0/package.tgz /home/altiviaot/.npm/724696d9-viaot-npm-jade-1-7-0-package-tgz.lock
56 silly gunzTarPerm modes [ '775', '664' ]
57 error Error: EACCES, mkdir '/usr/lib/node_modules/jade'
57 error  { [Error: EACCES, mkdir '/usr/lib/node_modules/jade']
57 error   errno: 3,
57 error   code: 'EACCES',
57 error   path: '/usr/lib/node_modules/jade',
57 error   fstream_type: 'Directory',
57 error   fstream_path: '/usr/lib/node_modules/jade',
57 error   fstream_class: 'DirWriter',
57 error   fstream_stack:
57 error    [ '/usr/lib/node_modules/npm/node_modules/fstream/lib/dir-writer.js:36:23',
57 error      '/usr/lib/node_modules/npm/node_modules/mkdirp/index.js:46:53',
57 error      'Object.oncomplete (fs.js:107:15)' ] }
58 error Please try running this command again as root/Administrator.
59 error System Linux 3.13.0-37-generic
60 error command "/usr/bin/node" "/usr/bin/npm" "install" "-g" "jade"
61 error cwd /var/www/html/gulpServer
62 error node -v v0.10.33
63 error npm -v 1.4.28
64 error path /usr/lib/node_modules/jade
65 error fstream_path /usr/lib/node_modules/jade
66 error fstream_type Directory
67 error fstream_class DirWriter
68 error code EACCES
69 error errno 3
70 error stack Error: EACCES, mkdir '/usr/lib/node_modules/jade'
71 error fstream_stack /usr/lib/node_modules/npm/node_modules/fstream/lib/dir-writer.js:36:23
71 error fstream_stack /usr/lib/node_modules/npm/node_modules/mkdirp/index.js:46:53
71 error fstream_stack Object.oncomplete (fs.js:107:15)
72 verbose exit [ 3, true ]
